#-----------------------------------------------------------
# Vivado v2019.2 (64-bit)
# SW Build 2708876 on Wed Nov  6 21:40:23 MST 2019
# IP Build 2700528 on Thu Nov  7 00:09:20 MST 2019
# Start of session at: Wed Apr 24 12:00:20 2024
# Process ID: 7288
# Current directory: C:/Users/PC04/Desktop/project_2
# Command line: vivado.exe -gui_launcher_event rodinguilauncherevent7768 C:\Users\PC04\Desktop\project_2\project_2.xpr
# Log file: C:/Users/PC04/Desktop/project_2/vivado.log
# Journal file: C:/Users/PC04/Desktop/project_2\vivado.jou
#-----------------------------------------------------------
start_gui
open_project C:/Users/PC04/Desktop/project_2/project_2.xpr
Scanning sources...
Finished scanning sources
INFO: [IP_Flow 19-234] Refreshing IP repositories
INFO: [IP_Flow 19-1704] No user IP repositories specified
INFO: [IP_Flow 19-2313] Loaded Vivado IP repository 'C:/Xilinx/Vivado/2019.2/data/ip'.
open_project: Time (s): cpu = 00:00:18 ; elapsed = 00:00:20 . Memory (MB): peak = 694.281 ; gain = 114.801
update_compile_order -fileset sources_1
exit
INFO: [Common 17-206] Exiting Vivado at Wed Apr 24 12:03:30 2024...
