#-----------------------------------------------------------
# Vivado v2019.2 (64-bit)
# SW Build 2708876 on Wed Nov  6 21:40:23 MST 2019
# IP Build 2700528 on Thu Nov  7 00:09:20 MST 2019
# Start of session at: Tue Apr  2 14:10:27 2024
# Process ID: 6212
# Current directory: C:/Users/PC04/Desktop/project_2
# Command line: vivado.exe -gui_launcher_event rodinguilauncherevent2404 C:\Users\PC04\Desktop\project_2\project_2.xpr
# Log file: C:/Users/PC04/Desktop/project_2/vivado.log
# Journal file: C:/Users/PC04/Desktop/project_2\vivado.jou
#-----------------------------------------------------------sstart_guiopen_project C:/Users/PC04/Desktop/project_2/project_2.xpr
Scanning sources...
Finished scanning sources
IINFO: [IP_Flow 19-234] Refreshing IP repositories
INFO: [IP_Flow 19-1704] No user IP repositories specifiedIINFO: [IP_Flow 19-2313] Loaded Vivado IP repository 'C:/Xilinx/Vivado/2019.2/data/ip'.oopen_project: Time (s): cpu = 00:00:19 ; elapsed = 00:00:15 . Memory (MB): peak = 664.848 ; gain = 86.680update_compile_order -fileset sources_1
rreset_run synth_1
WARNING: [Vivado 12-1017] Problems encountered:
1. Couldn't access process for termination

exit
INFO: [Common 17-206] Exiting Vivado at Tue Apr  2 14:29:48 2024...
runs synth_1 -jobs 4
[Tue Apr  2 14:18:50 2024] Launched synth_1...
Run output will be captured here: C:/Users/PC04/Desktop/project_2/project_2.runs/synth_1/runme.log
launch_runs impl_1 -jobs 4
[Tue Apr  2 14:19:50 2024] Launched impl_1...
Run output will be captured here: C:/Users/PC04/Desktop/project_2/project_2.runs/impl_1/runme.log
launch_runs impl_1 -to_step write_bitstream -jobs 4
[Tue Apr  2 14:21:16 2024] Launched impl_1...
Run output will be captured here: C:/Users/PC04/Desktop/project_2/project_2.runs/impl_1/runme.log
open_hw_manager
connect_hw_server -allow_non_jtag
INFO: [Labtools 27-2285] Connecting to hw_server url TCP:localhost:3121
INFO: [Labtools 27-2222] Launching hw_server...
INFO: [Labtools 27-2221] Launch Output:

****** Xilinx hw_server v2019.2
  **** Build date : Nov  6 2019 at 22:12:23
    ** Copyright 1986-2019 Xilinx, Inc. All Rights Reserved.


INFO: [Labtools 27-3415] Connecting to cs_server url TCP:localhost:3042
INFO: [Labtools 27-3417] Launching cs_server...
INFO: [Labtools 27-2221] Launch Output:


****** Xilinx cs_server v2019.2.0
  **** Build date : Nov 07 2019-10:58:22
    ** Copyright 2017-2019 Xilinx, Inc. All Rights Reserved.



connect_hw_server: Time (s): cpu = 00:00:01 ; elapsed = 00:00:08 . Memory (MB): peak = 713.105 ; gain = 0.000
open_hw_target
INFO: [Labtoolstcl 44-466] Opening hw_target localhost:3121/xilinx_tcf/Digilent/210183B31522A
open_hw_target: Time (s): cpu = 00:00:06 ; elapsed = 00:00:06 . Memory (MB): peak = 1958.766 ; gain = 1245.660
set_property PROGRAM.FILE {C:/Users/PC04/Desktop/project_2/project_2.runs/impl_1/CricketGame_TopModule.bit} [get_hw_devices xc7a35t_0]
current_hw_device [get_hw_devices xc7a35t_0]
refresh_hw_device -update_hw_probes false [lindex [get_hw_devices xc7a35t_0] 0]
INFO: [Labtools 27-1434] Device xc7a35t (JTAG device index = 0) is programmed with a design that has no supported debug core(s) in it.
set_property PROBES.FILE {} [get_hw_devices xc7a35t_0]
set_property FULL_PROBES.FILE {} [get_hw_devices xc7a35t_0]
set_property PROGRAM.FILE {C:/Users/PC04/Desktop/project_2/project_2.runs/impl_1/CricketGame_TopModule.bit} [get_hw_devices xc7a35t_0]
program_hw_devices [get_hw_devices xc7a35t_0]
INFO: [Labtools 27-3164] End of startup status: HIGH
refresh_hw_device [lindex [get_hw_devices xc7a35t_0] 0]
INFO: [Labtools 27-1434] Device xc7a35t (JTAG device index = 0) is programmed with a design that has no supported debug core(s) in it.
set_property PROBES.FILE {} [get_hw_devices xc7a35t_0]
set_property FULL_PROBES.FILE {} [get_hw_devices xc7a35t_0]
set_property PROGRAM.FILE {C:/Users/PC04/Desktop/project_2/project_2.runs/impl_1/CricketGame_TopModule.bit} [get_hw_devices xc7a35t_0]
program_hw_devices [get_hw_devices xc7a35t_0]
INFO: [Labtools 27-3164] End of startup status: HIGH
refresh_hw_device [lindex [get_hw_devices xc7a35t_0] 0]
INFO: [Labtools 27-1434] Device xc7a35t (JTAG device index = 0) is programmed with a design that has no supported debug core(s) in it.
reset_run synth_1
WARNING: [Vivado 12-1017] Problems encountered:
1. Failed to delete one or more files in run directory C:/Users/PC04/Desktop/project_2/project_2.runs/synth_1

launch_runs synth_1 -jobs 4
[Tue Apr  2 14:29:25 2024] Launched synth_1...
Run output will be captured here: C:/Users/PC04/Desktop/project_2/project_2.runs/synth_1/runme.log
reset_run synth_1
WARNING: [Vivado 12-1017] Problems encountered:
1. Failed to delete one or more files in run directory C:/Users/PC04/Desktop/project_2/project_2.runs/synth_1

launch_runs synth_1 -jobs 4
[Tue Apr  2 14:30:20 2024] Launched synth_1...
Run output will be captured here: C:/Users/PC04/Desktop/project_2/project_2.runs/synth_1/runme.log
launch_runs impl_1 -jobs 4
[Tue Apr  2 14:30:30 2024] Launched impl_1...
Run output will be captured here: C:/Users/PC04/Desktop/project_2/project_2.runs/impl_1/runme.log
launch_runs impl_1 -to_step write_bitstream -jobs 4
[Tue Apr  2 14:32:05 2024] Launched impl_1...
Run output will be captured here: C:/Users/PC04/Desktop/project_2/project_2.runs/impl_1/runme.log
set_property PROBES.FILE {} [get_hw_devices xc7a35t_0]
set_property FULL_PROBES.FILE {} [get_hw_devices xc7a35t_0]
set_property PROGRAM.FILE {C:/Users/PC04/Desktop/project_2/project_2.runs/impl_1/CricketGame_TopModule.bit} [get_hw_devices xc7a35t_0]
program_hw_devices [get_hw_devices xc7a35t_0]
INFO: [Labtools 27-3164] End of startup status: HIGH
refresh_hw_device [lindex [get_hw_devices xc7a35t_0] 0]
INFO: [Labtools 27-1434] Device xc7a35t (JTAG device index = 0) is programmed with a design that has no supported debug core(s) in it.
reset_run synth_1
launch_runs synth_1 -jobs 4
[Tue Apr  2 14:36:13 2024] Launched synth_1...
Run output will be captured here: C:/Users/PC04/Desktop/project_2/project_2.runs/synth_1/runme.log
launch_runs impl_1 -jobs 4
[Tue Apr  2 14:37:17 2024] Launched impl_1...
Run output will be captured here: C:/Users/PC04/Desktop/project_2/project_2.runs/impl_1/runme.log
launch_runs impl_1 -to_step write_bitstream -jobs 4
[Tue Apr  2 14:38:31 2024] Launched impl_1...
Run output will be captured here: C:/Users/PC04/Desktop/project_2/project_2.runs/impl_1/runme.log
set_property PROBES.FILE {} [get_hw_devices xc7a35t_0]
set_property FULL_PROBES.FILE {} [get_hw_devices xc7a35t_0]
set_property PROGRAM.FILE {C:/Users/PC04/Desktop/project_2/project_2.runs/impl_1/CricketGame_TopModule.bit} [get_hw_devices xc7a35t_0]
program_hw_devices [get_hw_devices xc7a35t_0]
INFO: [Labtools 27-3164] End of startup status: HIGH
refresh_hw_device [lindex [get_hw_devices xc7a35t_0] 0]
INFO: [Labtools 27-1434] Device xc7a35t (JTAG device index = 0) is programmed with a design that has no supported debug core(s) in it.
exit
INFO: [Common 17-206] Exiting Vivado at Tue Apr  2 14:44:51 2024...
