Vivado Simulator 2019.2
Copyright 1986-1999, 2001-2019 Xilinx, Inc. All Rights Reserved.
Running: C:/Xilinx/Vivado/2019.2/bin/unwrapped/win64.o/xelab.exe -wto 2be495530d604555a6cf304a819d38a3 --incr --debug typical --relax --mt 2 -L xil_defaultlib -L unisims_ver -L unimacro_ver -L secureip --snapshot CricketGame_TopModule_behav xil_defaultlib.CricketGame_TopModule xil_defaultlib.glbl -log elaborate.log 
Using 2 slave threads.
Starting static elaboration
Pass Through NonSizing Optimizer
Completed static elaboration
Starting simulation data flow analysis
Completed simulation data flow analysis
Time Resolution for simulation is 1ps
Compiling module xil_defaultlib.D_FF
Compiling module xil_defaultlib.Debounce
Compiling module xil_defaultlib.LFSR
Compiling module xil_defaultlib.Team_Score
Compiling module xil_defaultlib.Score_Comparator
Compiling module xil_defaultlib.Slow_Clock_10Hz
Compiling module xil_defaultlib.Scroll_Leds
Compiling module xil_defaultlib.Led_Controller
Compiling module xil_defaultlib.Cricket_Game
Compiling module xil_defaultlib.Binary_to_BCD
Compiling module xil_defaultlib.Slow_Clock_1kHz
Compiling module xil_defaultlib.Two_Bit_Counter
Compiling module xil_defaultlib.Decoder_2x4
Compiling module xil_defaultlib.Mux_4x1
Compiling module xil_defaultlib.BCD_7seg
Compiling module xil_defaultlib.BCD_Display
Compiling module xil_defaultlib.CricketGame_TopModule
Compiling module xil_defaultlib.glbl
Built simulation snapshot CricketGame_TopModule_behav
